[0129/083356:INFO:mailmaster_exe.cpp(144)] Start ======================================================
[0129/083356:INFO:mailmaster_exe.cpp(146)] Commandline: --type=gpu-process --field-trial-handle=3300,2595374514794651136,15829280828630686052,131072 --enable-features=CastMediaRouteProvider --disable-features=WinUseBrowserSpellChecker --no-sandbox --log-file="C:\Users\susq\AppData\Local\Netease\MailMaster\logs\web.log" --product-version="Chrome/87.0.4280.141 MailMasterPC/5.5.4.1009 (universal)" --lang=zh-CN --gpu-preferences=MAAAAAAAAADgAAAwAAAAAAAAAAAAAAAAAABgAAAAAAAQAAAAAAAAAAAAAAAAAAAAKAAAAAQAAAAgAAAAAAAAACgAAAAAAAAAMAAAAAAAAAA4AAAAAAAAABAAAAAAAAAAAAAAAAUAAAAQAAAAAAAAAAAAAAAGAAAAEAAAAAAAAAABAAAABQAAABAAAAAAAAAAAQAAAAYAAAA= --use-gl=swiftshader-webgl --log-file="C:\Users\susq\AppData\Local\Netease\MailMaster\logs\web.log" --mojo-platform-channel-handle=3308 /prefetch:2
[0129/083356:INFO:mailmaster_exe.cpp(80)] Environment: {"Admin":0,"CPULogicalCores":20,"CPUModel":"12th Gen Intel(R) Core(TM) i7-12700","Mac":["6C3C8C45CBB1","00155D068403"],"Memory":"16549/32456M","OSArchitecture":"x86_64","OSVersion":"10.0.26220"}
[0129/083356:INFO:mailmaster_exe.cpp(81)] Exe.Path: C:\Program Files (x86)\Netease\MailMaster\Application\mailmaster.exe
[0129/083356:INFO:mailmaster_exe.cpp(86)] Last system shutdown time: 2026-01-28 20:35:52.836 UTC
[0129/083356:INFO:mailmaster_exe.cpp(88)] System start time: 2026-01-28 20:36:09.000 UTC
[0129/083356:INFO:main_dll_loader.cpp(114)] Version: 5.5.4.1009
[0129/083356:INFO:mailmaster_exe.cpp(144)] Start ======================================================
[0129/083356:INFO:mailmaster_exe.cpp(146)] Commandline: --type=utility --utility-sub-type=network.mojom.NetworkService --field-trial-handle=3300,2595374514794651136,15829280828630686052,131072 --enable-features=CastMediaRouteProvider --disable-features=WinUseBrowserSpellChecker --lang=zh-CN --service-sandbox-type=network --no-sandbox --log-file="C:\Users\susq\AppData\Local\Netease\MailMaster\logs\web.log" --product-version="Chrome/87.0.4280.141 MailMasterPC/5.5.4.1009 (universal)" --lang=zh-CN --log-file="C:\Users\susq\AppData\Local\Netease\MailMaster\logs\web.log" --mojo-platform-channel-handle=4156 /prefetch:8
[0129/083356:INFO:mailmaster_exe.cpp(80)] Environment: {"Admin":0,"CPULogicalCores":20,"CPUModel":"12th Gen Intel(R) Core(TM) i7-12700","Mac":["6C3C8C45CBB1","00155D068403"],"Memory":"16507/32456M","OSArchitecture":"x86_64","OSVersion":"10.0.26220"}
[0129/083356:INFO:mailmaster_exe.cpp(81)] Exe.Path: C:\Program Files (x86)\Netease\MailMaster\Application\mailmaster.exe
[0129/083356:INFO:mailmaster_exe.cpp(86)] Last system shutdown time: 2026-01-28 20:35:52.836 UTC
[0129/083356:INFO:mailmaster_exe.cpp(88)] System start time: 2026-01-28 20:36:08.000 UTC
[0129/083356:INFO:main_dll_loader.cpp(114)] Version: 5.5.4.1009
[0129/083357:INFO:mailmaster_exe.cpp(144)] Start ======================================================
[0129/083357:INFO:mailmaster_exe.cpp(146)] Commandline: --type=renderer --no-sandbox --log-file="C:\Users\susq\AppData\Local\Netease\MailMaster\logs\web.log" --field-trial-handle=3300,2595374514794651136,15829280828630686052,131072 --enable-features=CastMediaRouteProvider --disable-features=WinUseBrowserSpellChecker --disable-gpu-compositing --lang=zh-CN --log-file="C:\Users\susq\AppData\Local\Netease\MailMaster\logs\web.log" --product-version="Chrome/87.0.4280.141 MailMasterPC/5.5.4.1009 (universal)" --disable-pdf-extension --device-scale-factor=1 --num-raster-threads=4 --enable-main-frame-before-activation --renderer-client-id=4 --mojo-platform-channel-handle=3664 /prefetch:1
[0129/083357:INFO:mailmaster_exe.cpp(80)] Environment: {"Admin":0,"CPULogicalCores":20,"CPUModel":"12th Gen Intel(R) Core(TM) i7-12700","Mac":["6C3C8C45CBB1","00155D068403"],"Memory":"16481/32456M","OSArchitecture":"x86_64","OSVersion":"10.0.26220"}
[0129/083357:INFO:mailmaster_exe.cpp(81)] Exe.Path: C:\Program Files (x86)\Netease\MailMaster\Application\mailmaster.exe
[0129/083357:INFO:mailmaster_exe.cpp(86)] Last system shutdown time: 2026-01-28 20:35:52.836 UTC
[0129/083357:INFO:mailmaster_exe.cpp(88)] System start time: 2026-01-28 20:36:09.000 UTC
[0129/083357:INFO:main_dll_loader.cpp(114)] Version: 5.5.4.1009
[0129/083653:INFO:mailmaster_exe.cpp(144)] Start ======================================================
[0129/083653:INFO:mailmaster_exe.cpp(146)] Commandline: --type=renderer --no-sandbox --log-file="C:\Users\susq\AppData\Local\Netease\MailMaster\logs\web.log" --field-trial-handle=3300,2595374514794651136,15829280828630686052,131072 --enable-features=CastMediaRouteProvider --disable-features=WinUseBrowserSpellChecker --disable-gpu-compositing --lang=zh-CN --log-file="C:\Users\susq\AppData\Local\Netease\MailMaster\logs\web.log" --product-version="Chrome/87.0.4280.141 MailMasterPC/5.5.4.1009 (universal)" --disable-pdf-extension --device-scale-factor=1 --num-raster-threads=4 --enable-main-frame-before-activation --renderer-client-id=5 --mojo-platform-channel-handle=4288 /prefetch:1
[0129/083653:INFO:mailmaster_exe.cpp(80)] Environment: {"Admin":0,"CPULogicalCores":20,"CPUModel":"12th Gen Intel(R) Core(TM) i7-12700","Mac":["6C3C8C45CBB1","00155D068403"],"Memory":"12061/32456M","OSArchitecture":"x86_64","OSVersion":"10.0.26220"}
[0129/083653:INFO:mailmaster_exe.cpp(81)] Exe.Path: C:\Program Files (x86)\Netease\MailMaster\Application\mailmaster.exe
[0129/083653:INFO:mailmaster_exe.cpp(86)] Last system shutdown time: 2026-01-28 20:35:52.836 UTC
[0129/083653:INFO:mailmaster_exe.cpp(88)] System start time: 2026-01-28 20:36:08.000 UTC
[0129/083653:INFO:main_dll_loader.cpp(114)] Version: 5.5.4.1009
[0129/083714:INFO:mailmaster_exe.cpp(207)] Process will exit with code: 0
